2023-07-20 14:52:35,071 [main] INFO 11_March_Maven - Open browser
2023-07-20 14:52:35,206 [main] INFO 11_March_Maven - maximize browser 
2023-07-20 14:52:37,184 [main] INFO 11_March_Maven - Open Application
2023-07-20 14:58:15,414 [main] INFO 11_March_Maven - Open browser
2023-07-20 14:58:15,542 [main] INFO 11_March_Maven - maximize browser 
2023-07-20 14:58:17,015 [main] INFO 11_March_Maven - Open Application
2023-07-20 15:07:10,921 [main] INFO 11_March_Maven - Open browser
2023-07-20 15:07:11,053 [main] INFO 11_March_Maven - maximize browser 
2023-07-20 15:07:12,482 [main] INFO 11_March_Maven - Open Application
2023-07-20 15:09:37,913 [main] INFO 11_March_Maven - Open browser
2023-07-20 15:09:38,047 [main] INFO 11_March_Maven - maximize browser 
2023-07-20 15:09:48,804 [main] INFO 11_March_Maven - Open Application
2023-07-20 15:09:50,138 [main] INFO 11_March_Maven - Click on register
2023-07-20 15:09:50,217 [main] INFO 11_March_Maven - Select gender
2023-07-20 15:09:50,287 [main] INFO 11_March_Maven - First Name
2023-07-20 15:09:50,381 [main] INFO 11_March_Maven - LAst Name
2023-07-20 15:09:50,626 [main] INFO 11_March_Maven - Select Day
2023-07-20 15:09:50,876 [main] INFO 11_March_Maven - Select Months
2023-07-20 15:09:51,158 [main] INFO 11_March_Maven - Select Year
2023-07-20 15:09:51,383 [main] INFO 11_March_Maven - Set Password
2023-07-20 15:09:51,462 [main] INFO 11_March_Maven - confirm Password
2023-07-20 15:09:55,142 [main] INFO 11_March_Maven - Button
2023-07-21 15:20:03,601 [main] INFO 11_March_Maven - Open browser
2023-07-21 15:20:03,735 [main] INFO 11_March_Maven - maximize browser 
2023-07-21 15:20:06,445 [main] INFO 11_March_Maven - Open Application
2023-07-21 15:23:16,956 [main] INFO 11_March_Maven - Open browser
2023-07-21 15:23:17,102 [main] INFO 11_March_Maven - maximize browser 
2023-07-21 15:23:19,031 [main] INFO 11_March_Maven - Open Application
2023-07-21 15:48:31,812 [main] INFO 11_March_Maven - Open browser
2023-07-21 15:48:31,941 [main] INFO 11_March_Maven - maximize browser 
2023-07-21 15:48:34,671 [main] INFO 11_March_Maven - Open Application
2023-07-21 16:15:01,107 [main] INFO 11_March_Maven - Open browser
2023-07-21 16:15:01,238 [main] INFO 11_March_Maven - maximize browser 
2023-07-21 16:15:04,389 [main] INFO 11_March_Maven - Open Application
2023-07-21 22:42:56,309 [main] INFO 11_March_Maven - Open browser
2023-07-21 22:42:56,452 [main] INFO 11_March_Maven - maximize browser 
2023-07-21 22:43:07,485 [main] INFO 11_March_Maven - Open Application
2023-07-21 22:59:15,331 [main] INFO 11_March_Maven - Open browser
2023-07-21 22:59:15,469 [main] INFO 11_March_Maven - maximize browser 
2023-07-21 22:59:18,491 [main] INFO 11_March_Maven - Open Application
2023-07-21 23:04:23,531 [main] INFO 11_March_Maven - Open browser
2023-07-21 23:04:23,672 [main] INFO 11_March_Maven - maximize browser 
2023-07-21 23:04:29,704 [main] INFO 11_March_Maven - Open Application
2023-07-21 23:07:33,699 [main] INFO 11_March_Maven - Open browser
2023-07-21 23:07:33,831 [main] INFO 11_March_Maven - maximize browser 
2023-07-21 23:07:49,314 [main] INFO 11_March_Maven - Open Application
2023-07-21 23:08:54,871 [main] INFO 11_March_Maven - Open browser
2023-07-21 23:08:55,008 [main] INFO 11_March_Maven - maximize browser 
2023-07-21 23:08:59,058 [main] INFO 11_March_Maven - Open Application
2023-07-21 23:15:03,056 [main] INFO 11_March_Maven - Open browser
2023-07-21 23:15:03,183 [main] INFO 11_March_Maven - maximize browser 
2023-07-21 23:15:05,033 [main] INFO 11_March_Maven - Open Application
2023-07-21 23:51:40,603 [main] INFO 11_March_Maven - Open browser
2023-07-21 23:51:40,762 [main] INFO 11_March_Maven - maximize browser 
2023-07-21 23:51:43,462 [main] INFO 11_March_Maven - Open Application
2023-07-21 23:54:46,998 [main] INFO 11_March_Maven - Open browser
2023-07-21 23:54:47,143 [main] INFO 11_March_Maven - maximize browser 
2023-07-21 23:54:55,418 [main] INFO 11_March_Maven - Open Application
2023-07-22 00:01:32,054 [main] INFO 11_March_Maven - Open browser
2023-07-22 00:01:32,193 [main] INFO 11_March_Maven - maximize browser 
2023-07-22 00:01:37,300 [main] INFO 11_March_Maven - Open Application
2023-07-22 00:01:37,933 [main] INFO 11_March_Maven - Hit on the login tab
2023-07-22 00:01:38,070 [main] INFO 11_March_Maven - Username entered
2023-07-22 00:01:38,192 [main] INFO 11_March_Maven - Password entered
2023-07-22 00:06:47,809 [main] INFO 11_March_Maven - Open browser
2023-07-22 00:06:47,949 [main] INFO 11_March_Maven - maximize browser 
2023-07-22 00:06:50,703 [main] INFO 11_March_Maven - Open Application
2023-07-22 00:06:51,429 [main] INFO 11_March_Maven - Hit on the login tab
2023-07-22 00:06:51,544 [main] INFO 11_March_Maven - Username entered
2023-07-22 00:06:51,634 [main] INFO 11_March_Maven - Password entered
2023-07-22 00:08:37,407 [main] INFO 11_March_Maven - Open browser
2023-07-22 00:08:37,709 [main] INFO 11_March_Maven - maximize browser 
2023-07-22 00:08:40,508 [main] INFO 11_March_Maven - Open Application
2023-07-22 00:08:41,308 [main] INFO 11_March_Maven - Hit on the login tab
2023-07-22 00:08:41,364 [main] INFO 11_March_Maven - Username entered
2023-07-22 00:08:41,406 [main] INFO 11_March_Maven - Password entered
2023-07-22 00:11:10,501 [main] INFO 11_March_Maven - Open browser
2023-07-22 00:11:10,785 [main] INFO 11_March_Maven - maximize browser 
2023-07-22 00:11:12,685 [main] INFO 11_March_Maven - Open Application
2023-07-22 00:11:14,063 [main] INFO 11_March_Maven - Hit on the login tab
2023-07-22 00:11:14,105 [main] INFO 11_March_Maven - Username entered
2023-07-22 00:11:14,143 [main] INFO 11_March_Maven - Password entered
2023-07-22 00:15:07,634 [main] INFO 11_March_Maven - Open browser
2023-07-22 00:15:07,774 [main] INFO 11_March_Maven - maximize browser 
2023-07-22 00:15:09,277 [main] INFO 11_March_Maven - Open Application
2023-07-22 00:15:11,004 [main] INFO 11_March_Maven - Hit on the login tab
2023-07-22 00:15:11,123 [main] INFO 11_March_Maven - Username entered
2023-07-22 00:15:11,222 [main] INFO 11_March_Maven - Password entered
2023-07-22 00:17:38,415 [main] INFO 11_March_Maven - Open browser
2023-07-22 00:17:38,562 [main] INFO 11_March_Maven - maximize browser 
2023-07-22 00:17:40,239 [main] INFO 11_March_Maven - Open Application
2023-07-22 00:17:41,724 [main] INFO 11_March_Maven - Hit on the login tab
2023-07-22 00:17:41,840 [main] INFO 11_March_Maven - Username entered
2023-07-22 00:17:41,926 [main] INFO 11_March_Maven - Password entered
2023-07-22 00:18:38,842 [main] INFO 11_March_Maven - Open browser
2023-07-22 00:18:38,970 [main] INFO 11_March_Maven - maximize browser 
2023-07-22 00:18:39,757 [main] INFO 11_March_Maven - Open Application
2023-07-22 00:18:41,158 [main] INFO 11_March_Maven - Hit on the login tab
2023-07-22 00:18:41,266 [main] INFO 11_March_Maven - Username entered
2023-07-22 00:18:41,354 [main] INFO 11_March_Maven - Password entered
2023-07-22 14:26:11,177 [main] INFO 11_March_Maven - Open browser
2023-07-22 14:26:11,337 [main] INFO 11_March_Maven - maximize browser 
2023-07-22 14:26:12,350 [main] INFO 11_March_Maven - Open Application
2023-07-22 14:26:13,826 [main] INFO 11_March_Maven - Hit on the login tab
2023-07-22 14:26:13,980 [main] INFO 11_March_Maven - Username entered
2023-07-22 14:26:14,192 [main] INFO 11_March_Maven - Password entered
2023-07-22 16:12:33,336 [main] INFO 11_March_Maven - Open browser
2023-07-22 16:12:33,463 [main] INFO 11_March_Maven - maximize browser 
2023-07-22 16:12:35,621 [main] INFO 11_March_Maven - Open Application
2023-07-22 16:14:37,910 [main] INFO 11_March_Maven - Open browser
2023-07-22 16:14:38,031 [main] INFO 11_March_Maven - maximize browser 
2023-07-22 16:14:39,842 [main] INFO 11_March_Maven - Open Application
2023-07-22 16:18:43,656 [main] INFO 11_March_Maven - Open browser
2023-07-22 16:18:43,792 [main] INFO 11_March_Maven - maximize browser 
2023-07-22 16:18:45,814 [main] INFO 11_March_Maven - Open Application
2023-07-22 16:24:53,317 [main] INFO 11_March_Maven - Open browser
2023-07-22 16:24:53,443 [main] INFO 11_March_Maven - maximize browser 
2023-07-22 16:24:55,512 [main] INFO 11_March_Maven - Open Application
2023-07-22 16:31:03,746 [main] INFO 11_March_Maven - Open browser
2023-07-22 16:31:03,872 [main] INFO 11_March_Maven - maximize browser 
2023-07-22 16:31:05,928 [main] INFO 11_March_Maven - Open Application
2023-07-22 16:37:34,366 [main] INFO 11_March_Maven - Open browser
2023-07-22 16:37:34,509 [main] INFO 11_March_Maven - maximize browser 
2023-07-22 16:37:37,648 [main] INFO 11_March_Maven - Open Application
2023-07-22 16:45:37,069 [main] INFO 11_March_Maven - Open browser
2023-07-22 16:45:37,212 [main] INFO 11_March_Maven - maximize browser 
2023-07-22 16:45:39,343 [main] INFO 11_March_Maven - Open Application
2023-07-22 16:49:54,536 [main] INFO 11_March_Maven - Open browser
2023-07-22 16:49:54,678 [main] INFO 11_March_Maven - maximize browser 
2023-07-22 16:49:56,908 [main] INFO 11_March_Maven - Open Application
2023-07-22 16:50:30,182 [main] INFO 11_March_Maven - Open browser
2023-07-22 16:50:30,326 [main] INFO 11_March_Maven - maximize browser 
2023-07-22 16:50:32,703 [main] INFO 11_March_Maven - Open Application
2023-07-22 16:55:35,921 [main] INFO 11_March_Maven - Open browser
2023-07-22 16:55:36,065 [main] INFO 11_March_Maven - maximize browser 
2023-07-22 16:55:38,796 [main] INFO 11_March_Maven - Open Application
2023-07-22 16:59:06,861 [main] INFO 11_March_Maven - Open browser
2023-07-22 16:59:06,995 [main] INFO 11_March_Maven - maximize browser 
2023-07-22 16:59:09,937 [main] INFO 11_March_Maven - Open Application
2023-07-22 17:02:52,175 [main] INFO 11_March_Maven - Open browser
2023-07-22 17:02:52,317 [main] INFO 11_March_Maven - maximize browser 
2023-07-22 17:02:54,508 [main] INFO 11_March_Maven - Open Application
2023-07-22 17:03:29,268 [main] INFO 11_March_Maven - Open browser
2023-07-22 17:03:29,554 [main] INFO 11_March_Maven - maximize browser 
2023-07-22 17:03:32,740 [main] INFO 11_March_Maven - Open Application
2023-07-22 17:13:44,998 [main] INFO 11_March_Maven - Open browser
2023-07-22 17:13:45,138 [main] INFO 11_March_Maven - maximize browser 
2023-07-22 17:13:46,734 [main] INFO 11_March_Maven - Open Application
2023-07-22 17:20:03,247 [main] INFO 11_March_Maven - Open browser
2023-07-22 17:20:03,393 [main] INFO 11_March_Maven - maximize browser 
2023-07-22 17:20:05,046 [main] INFO 11_March_Maven - Open Application
2023-07-22 17:26:58,094 [main] INFO 11_March_Maven - Open browser
2023-07-22 17:26:58,251 [main] INFO 11_March_Maven - maximize browser 
2023-07-22 17:27:00,685 [main] INFO 11_March_Maven - Open Application
2023-07-22 17:27:02,856 [main] INFO 11_March_Maven - Hit on the login tab
2023-07-22 17:27:03,008 [main] INFO 11_March_Maven - Username entered
2023-07-22 17:27:03,166 [main] INFO 11_March_Maven - Password entered
2023-07-22 17:27:35,084 [main] INFO 11_March_Maven - Open browser
2023-07-22 17:27:35,233 [main] INFO 11_March_Maven - maximize browser 
2023-07-22 17:27:36,741 [main] INFO 11_March_Maven - Open Application
2023-07-22 17:27:38,070 [main] INFO 11_March_Maven - Hit on the login tab
2023-07-22 17:27:38,197 [main] INFO 11_March_Maven - Username entered
2023-07-22 17:27:38,288 [main] INFO 11_March_Maven - Password entered
2023-07-22 17:28:55,054 [main] INFO 11_March_Maven - Open browser
2023-07-22 17:28:55,187 [main] INFO 11_March_Maven - maximize browser 
2023-07-22 17:28:56,690 [main] INFO 11_March_Maven - Open Application
2023-07-22 20:20:28,894 [main] INFO 11_March_Maven - Open browser
2023-07-22 20:20:29,039 [main] INFO 11_March_Maven - maximize browser 
2023-07-22 20:20:30,710 [main] INFO 11_March_Maven - Open Application
2023-07-22 20:20:33,281 [main] INFO 11_March_Maven - Hit on the login tab
2023-07-22 20:20:33,406 [main] INFO 11_March_Maven - Username entered
2023-07-22 20:20:33,506 [main] INFO 11_March_Maven - Password entered
2023-07-22 20:20:34,725 [main] INFO 11_March_Maven - Click on the Login button
2023-07-22 20:22:11,919 [main] INFO 11_March_Maven - Open browser
2023-07-22 20:22:12,062 [main] INFO 11_March_Maven - maximize browser 
2023-07-22 20:22:13,339 [main] INFO 11_March_Maven - Open Application
2023-07-22 20:22:14,681 [main] INFO 11_March_Maven - Hit on the login tab
2023-07-22 20:22:14,786 [main] INFO 11_March_Maven - Username entered
2023-07-22 20:22:14,877 [main] INFO 11_March_Maven - Password entered
2023-07-22 20:29:49,264 [main] INFO 11_March_Maven - Open browser
2023-07-22 20:29:49,410 [main] INFO 11_March_Maven - maximize browser 
2023-07-22 20:29:50,927 [main] INFO 11_March_Maven - Open Application
2023-07-22 20:29:53,234 [main] INFO 11_March_Maven - Hit on the login tab
2023-07-22 20:29:53,359 [main] INFO 11_March_Maven - Username entered
2023-07-22 20:29:53,454 [main] INFO 11_March_Maven - Password entered
2023-07-22 20:29:53,891 [main] INFO 11_March_Maven - Click on the Login button
2023-07-22 20:31:19,320 [main] INFO 11_March_Maven - Open browser
2023-07-22 20:31:19,454 [main] INFO 11_March_Maven - maximize browser 
2023-07-22 20:31:21,013 [main] INFO 11_March_Maven - Open Application
2023-07-22 20:32:49,885 [main] INFO 11_March_Maven - Open browser
2023-07-22 20:32:50,037 [main] INFO 11_March_Maven - maximize browser 
2023-07-22 20:32:51,523 [main] INFO 11_March_Maven - Open Application
2023-07-22 20:32:53,909 [main] INFO 11_March_Maven - Hit on the login tab
2023-07-22 20:32:54,031 [main] INFO 11_March_Maven - Username entered
2023-07-22 20:32:54,134 [main] INFO 11_March_Maven - Password entered
2023-07-22 20:32:54,570 [main] INFO 11_March_Maven - Click on the Login button
2023-07-22 20:33:46,018 [main] INFO 11_March_Maven - Open browser
2023-07-22 20:33:46,150 [main] INFO 11_March_Maven - maximize browser 
2023-07-22 20:33:47,633 [main] INFO 11_March_Maven - Open Application
2023-07-22 20:33:49,972 [main] INFO 11_March_Maven - Hit on the login tab
2023-07-22 20:33:50,096 [main] INFO 11_March_Maven - Username entered
2023-07-22 20:33:50,193 [main] INFO 11_March_Maven - Password entered
2023-07-22 20:33:50,666 [main] INFO 11_March_Maven - Click on the Login button
2023-07-25 13:56:12,174 [main] INFO 11_March_Maven - Open browser
2023-07-25 13:56:12,318 [main] INFO 11_March_Maven - maximize browser 
2023-07-25 13:56:14,203 [main] INFO 11_March_Maven - Open Application
2023-07-25 13:56:16,705 [main] INFO 11_March_Maven - Hit on the login tab
2023-07-25 13:56:16,883 [main] INFO 11_March_Maven - Username entered
2023-07-25 13:56:17,052 [main] INFO 11_March_Maven - Password entered
2023-07-25 13:56:17,542 [main] INFO 11_March_Maven - Click on the Login button
2023-07-25 14:15:02,323 [main] INFO 11_March_Maven - Open browser
2023-07-25 14:15:02,462 [main] INFO 11_March_Maven - maximize browser 
2023-07-25 14:15:03,948 [main] INFO 11_March_Maven - Open Application
2023-07-25 14:15:05,470 [main] INFO 11_March_Maven - Hit on the login tab
2023-07-25 14:15:05,623 [main] INFO 11_March_Maven - Username entered
2023-07-25 14:15:05,714 [main] INFO 11_March_Maven - Password entered
2023-07-25 14:15:06,164 [main] INFO 11_March_Maven - Click on the Login button
